SF:lib/core/utils/app_storage.dart
DA:7,1
DA:8,1
DA:11,1
DA:13,1
DA:14,1
DA:15,1
DA:16,1
DA:19,2
DA:20,1
DA:23,2
DA:24,1
DA:27,2
DA:28,1
DA:31,1
DA:32,1
DA:35,1
DA:36,1
DA:37,1
DA:38,1
DA:39,1
LF:20
LH:20
end_of_record
SF:lib/core/utils/app_utility.dart
DA:7,1
DA:8,1
DA:10,3
DA:11,1
DA:14,1
DA:15,2
DA:16,1
DA:19,1
DA:20,1
DA:22,1
DA:23,1
DA:25,2
LF:12
LH:12
end_of_record
SF:lib/core/remote_data_source_mixin.dart
DA:5,2
DA:7,2
DA:8,2
DA:10,2
DA:11,1
DA:12,1
DA:15,2
DA:16,2
LF:8
LH:8
end_of_record
SF:lib/core/error/exception.dart
DA:3,1
DA:13,3
LF:2
LH:2
end_of_record
SF:lib/core/error/failure.dart
DA:7,1
DA:8,2
DA:18,1
DA:26,1
DA:27,1
DA:28,1
DA:29,1
DA:30,1
DA:31,1
DA:32,1
DA:33,1
DA:34,1
DA:37,0
LF:13
LH:12
end_of_record
SF:lib/core/routes/route.dart
DA:5,2
LF:1
LH:1
end_of_record
SF:lib/resources/styles/text_styles.dart
DA:3,3
LF:1
LH:1
end_of_record
SF:lib/resources/app_localizations.dart
DA:8,3
DA:9,3
DA:14,1
DA:16,3
DA:18,3
DA:19,0
DA:20,0
DA:30,1
DA:32,2
DA:33,1
DA:34,3
DA:35,2
DA:38,0
DA:43,1
DA:44,2
DA:47,0
DA:48,0
DA:53,13
DA:55,0
DA:57,0
DA:60,0
DA:62,0
DA:63,0
DA:67,0
LF:24
LH:13
end_of_record
SF:lib/resources/form_validator.dart
DA:7,1
DA:8,1
DA:12,2
DA:13,0
DA:14,0
DA:19,1
DA:21,1
DA:23,0
DA:24,0
DA:29,1
DA:33,2
DA:34,0
DA:35,0
DA:40,2
DA:41,0
DA:42,0
LF:16
LH:8
end_of_record
SF:lib/resources/margin_keys.dart
DA:12,0
DA:15,0
LF:2
LH:0
end_of_record
SF:lib/resources/widgets/app_text_field.dart
DA:21,1
DA:37,1
DA:38,1
DA:44,1
DA:46,1
DA:47,3
DA:50,0
DA:51,0
DA:52,0
DA:56,1
DA:58,1
DA:65,1
DA:66,2
DA:67,2
DA:68,2
DA:69,2
DA:70,2
DA:71,2
DA:72,4
DA:73,3
DA:74,3
DA:75,2
DA:76,3
DA:77,1
DA:79,2
DA:80,1
DA:81,2
DA:84,1
DA:85,3
DA:86,4
DA:87,3
DA:89,1
DA:90,1
DA:92,3
DA:95,1
DA:96,1
DA:98,3
DA:101,1
DA:102,1
DA:104,3
DA:107,1
DA:108,1
DA:110,3
DA:113,1
DA:114,1
DA:116,3
DA:119,2
DA:120,4
DA:121,3
DA:124,4
DA:125,3
DA:127,2
DA:128,1
DA:129,1
DA:130,1
DA:131,3
DA:133,1
DA:137,2
LF:58
LH:55
end_of_record
SF:lib/resources/widgets/common_button.dart
DA:7,2
DA:13,2
DA:15,2
DA:16,2
DA:17,2
DA:21,2
DA:22,6
DA:26,2
DA:33,2
DA:36,2
DA:40,4
DA:42,2
DA:43,6
LF:13
LH:13
end_of_record
SF:lib/resources/widgets/common_container.dart
DA:8,3
DA:13,3
DA:15,3
DA:16,9
DA:19,3
DA:22,3
DA:23,3
DA:31,3
LF:8
LH:8
end_of_record
SF:lib/resources/widgets/dialog_widget.dart
DA:5,0
DA:10,0
DA:12,0
DA:13,0
DA:14,0
DA:16,0
DA:18,0
DA:19,0
DA:20,0
DA:21,0
DA:26,0
DA:28,0
DA:29,0
DA:33,0
DA:36,0
DA:38,0
DA:40,0
DA:41,0
DA:45,0
DA:47,0
DA:48,0
DA:53,0
DA:54,0
DA:58,0
LF:24
LH:0
end_of_record
SF:lib/resources/widgets/progress_loader.dart
DA:8,2
DA:15,2
DA:19,2
DA:21,4
DA:22,2
DA:23,1
DA:24,1
DA:25,1
DA:26,1
DA:27,1
DA:29,3
DA:32,1
DA:33,1
DA:34,1
DA:35,3
DA:41,1
DA:45,2
LF:17
LH:17
end_of_record
SF:lib/core/network/network_constants.dart
DA:2,1
DA:3,1
DA:4,2
DA:5,3
DA:7,1
DA:8,1
LF:6
LH:6
end_of_record
SF:lib/core/network/network_info.dart
DA:11,1
DA:14,1
DA:15,4
DA:18,0
LF:4
LH:3
end_of_record
SF:lib/core/network/simple_client.dart
DA:15,4
DA:16,0
DA:17,0
DA:20,1
DA:22,1
DA:23,2
DA:24,1
DA:25,0
DA:27,2
DA:31,1
DA:32,2
DA:39,1
DA:41,2
DA:49,0
DA:51,0
DA:52,0
DA:53,0
DA:54,0
DA:57,0
DA:58,0
DA:61,1
DA:62,2
DA:63,1
DA:64,2
DA:65,1
DA:66,1
DA:69,3
DA:70,2
DA:74,1
DA:79,1
DA:80,0
DA:81,2
DA:82,1
DA:84,2
DA:85,2
DA:87,1
DA:88,2
DA:93,0
DA:97,0
DA:99,0
DA:100,0
DA:101,0
DA:103,0
DA:104,0
DA:105,0
LF:45
LH:26
end_of_record
SF:lib/core/network/simple_request.dart
DA:9,1
DA:12,2
LF:2
LH:2
end_of_record
SF:lib/domain/entities/home_entity.dart
DA:11,9
DA:19,2
DA:20,14
DA:30,10
DA:37,2
DA:38,12
DA:45,9
DA:50,1
DA:51,3
DA:59,9
DA:62,1
DA:63,4
LF:12
LH:12
end_of_record
SF:lib/features/user_detail/pages/user_detail.dart
DA:8,2
DA:13,2
DA:14,2
DA:18,2
DA:20,2
DA:23,2
DA:25,2
DA:27,2
DA:28,2
DA:33,2
DA:35,2
DA:36,2
DA:43,2
DA:51,2
DA:55,2
DA:56,2
DA:57,2
DA:58,0
DA:59,0
DA:61,2
DA:63,2
DA:65,6
DA:69,2
DA:72,2
DA:74,2
DA:75,6
DA:81,2
DA:86,2
DA:90,2
DA:92,2
DA:100,2
DA:101,2
DA:102,2
DA:104,2
DA:108,2
DA:109,2
DA:110,4
DA:111,6
DA:116,2
DA:117,2
DA:118,4
DA:119,6
DA:124,2
DA:125,2
DA:126,4
DA:127,6
DA:132,2
DA:133,2
DA:134,4
DA:135,6
DA:140,2
DA:141,2
DA:142,4
DA:144,34
DA:149,2
DA:150,2
DA:151,4
DA:152,8
DA:159,2
DA:164,2
DA:166,2
DA:167,2
DA:169,2
DA:170,6
DA:174,2
DA:176,2
DA:177,6
LF:67
LH:65
end_of_record
SF:lib/features/home/pages/widgets/list_item_widget.dart
DA:12,1
DA:16,1
DA:18,1
DA:19,1
DA:20,1
DA:22,1
DA:23,2
DA:24,1
DA:29,1
DA:30,1
DA:31,1
DA:32,1
DA:34,1
DA:35,2
DA:38,1
DA:40,1
DA:41,2
DA:50,1
DA:56,1
DA:59,1
DA:60,1
DA:61,1
DA:62,1
DA:64,1
DA:65,3
DA:70,1
DA:72,1
DA:74,1
DA:75,3
LF:29
LH:29
end_of_record
SF:lib/data/model/home_model.dart
DA:4,5
DA:13,2
DA:14,2
DA:15,2
DA:16,2
DA:17,2
DA:18,4
DA:19,2
DA:20,4
DA:25,5
DA:33,2
DA:34,2
DA:35,2
DA:36,2
DA:37,2
DA:38,2
DA:39,4
DA:45,5
DA:50,2
DA:51,6
DA:56,5
DA:62,2
DA:63,2
DA:64,6
LF:24
LH:24
end_of_record
SF:lib/features/home/bloc/home_bloc.dart
DA:17,4
DA:18,2
DA:19,0
DA:20,4
DA:22,4
DA:23,5
DA:24,5
DA:27,1
DA:29,1
DA:30,1
DA:31,3
DA:32,2
DA:33,1
DA:34,2
DA:36,1
DA:40,1
DA:41,1
DA:42,1
DA:50,1
DA:51,1
DA:52,4
LF:21
LH:20
end_of_record
SF:lib/features/home/bloc/home_event.dart
DA:4,10
DA:8,0
DA:9,0
DA:13,9
DA:14,0
DA:15,0
DA:19,8
DA:20,0
DA:21,0
DA:25,8
DA:26,0
DA:27,0
DA:31,0
DA:32,0
LF:14
LH:4
end_of_record
SF:lib/features/home/bloc/home_state.dart
DA:4,10
DA:8,9
DA:9,0
DA:10,0
DA:16,8
DA:20,0
DA:21,0
DA:22,0
DA:27,9
DA:28,1
DA:29,1
DA:33,9
DA:34,1
DA:35,1
DA:39,1
DA:40,1
DA:44,1
DA:45,1
LF:18
LH:13
end_of_record
SF:lib/core/usecases/no_params.dart
DA:4,1
DA:5,1
LF:2
LH:2
end_of_record
SF:lib/domain/usecases/home_usecase.dart
DA:11,2
DA:15,1
DA:19,2
LF:3
LH:3
end_of_record
SF:lib/domain/repositories/home_repository.dart
DA:11,2
LF:1
LH:1
end_of_record
SF:lib/data/datasource/home_datasource.dart
DA:9,2
DA:11,1
DA:12,2
DA:13,1
DA:14,2
DA:16,2
DA:18,2
DA:20,1
DA:21,2
DA:22,2
LF:10
LH:10
end_of_record
SF:lib/injection/injection_conatiner.dart
DA:17,6
DA:19,1
DA:21,2
DA:22,6
DA:24,2
DA:25,2
DA:26,2
DA:31,2
DA:32,2
DA:33,2
DA:38,2
DA:39,2
DA:40,2
DA:41,2
DA:46,2
DA:47,2
DA:48,2
DA:49,2
DA:54,2
DA:55,2
DA:57,2
DA:58,2
DA:60,2
DA:61,2
DA:63,2
DA:64,2
DA:66,2
DA:67,2
DA:69,4
LF:29
LH:29
end_of_record
SF:lib/data/repositories/home_repository_impl.dart
DA:12,2
DA:17,1
DA:19,2
DA:20,2
DA:23,2
DA:24,1
DA:25,1
DA:26,2
LF:8
LH:8
end_of_record
SF:lib/features/login/bloc/login_bloc.dart
DA:18,3
DA:19,3
DA:20,6
DA:21,3
DA:22,3
DA:23,3
DA:25,3
DA:26,3
DA:27,3
DA:28,3
DA:29,3
DA:30,0
DA:31,0
DA:33,6
DA:36,3
DA:38,3
DA:39,3
DA:40,4
DA:41,3
DA:42,1
DA:44,0
DA:49,3
DA:50,12
DA:51,12
DA:52,9
DA:55,1
DA:56,1
DA:57,0
DA:58,0
DA:60,0
DA:64,1
DA:65,2
DA:66,0
DA:67,0
LF:34
LH:26
end_of_record
SF:lib/features/login/bloc/login_state.dart
DA:4,6
DA:8,6
DA:9,1
DA:10,1
DA:16,5
DA:20,1
DA:21,1
DA:22,1
DA:27,5
DA:28,0
DA:29,0
DA:35,0
DA:39,0
DA:40,0
DA:41,0
DA:46,5
DA:47,0
DA:48,0
DA:52,5
DA:53,0
DA:54,0
DA:58,0
DA:59,0
LF:23
LH:11
end_of_record
SF:lib/features/login/bloc/login_event.dart
DA:4,8
DA:8,0
DA:9,0
DA:15,1
DA:17,0
DA:18,0
DA:24,1
DA:25,0
DA:26,0
DA:30,5
DA:31,0
DA:32,0
DA:36,5
DA:37,0
DA:38,0
DA:42,0
DA:43,0
LF:17
LH:5
end_of_record
SF:lib/features/login/pages/login.dart
DA:10,1
DA:14,1
DA:15,1
DA:22,1
DA:24,3
DA:25,1
DA:28,1
DA:30,3
DA:31,1
DA:34,1
DA:36,1
DA:37,2
DA:38,1
DA:39,0
DA:40,0
DA:41,0
DA:42,0
DA:43,0
DA:48,0
DA:49,0
DA:51,0
DA:60,1
DA:61,1
DA:62,1
DA:63,1
DA:65,1
DA:66,1
DA:67,1
DA:73,1
DA:86,1
DA:89,1
DA:90,2
DA:91,1
DA:95,1
DA:97,1
DA:98,1
DA:100,1
DA:101,3
DA:105,1
DA:111,1
DA:117,1
DA:118,1
DA:120,1
DA:121,1
DA:133,1
DA:136,1
DA:139,1
DA:144,2
DA:145,2
DA:147,1
DA:148,2
DA:154,2
DA:158,1
DA:163,1
DA:167,1
DA:170,1
DA:175,1
DA:178,1
DA:181,1
DA:188,2
DA:189,2
DA:191,1
DA:192,2
DA:198,2
DA:202,1
DA:205,1
DA:207,2
DA:208,1
DA:209,2
DA:210,1
DA:211,1
DA:212,2
DA:215,3
DA:216,1
DA:218,1
DA:219,1
DA:224,4
DA:225,3
DA:233,1
DA:234,3
DA:235,3
DA:236,4
DA:237,2
DA:238,1
DA:239,3
DA:240,3
LF:86
LH:78
end_of_record
